Determining if the pthread_create exist failed with the following output:
Change Dir: /home/talpaadmin/Dokumente/GIT/oticRev/build/CMakeFiles/CMakeTmp

Run Build Command(s):/usr/bin/make cmTC_f80ef/fast 
/usr/bin/make -f CMakeFiles/cmTC_f80ef.dir/build.make CMakeFiles/cmTC_f80ef.dir/build
make[1]: Verzeichnis „/home/talpaadmin/Dokumente/GIT/oticRev/build/CMakeFiles/CMakeTmp“ wird betreten
Building C object CMakeFiles/cmTC_f80ef.dir/CheckSymbolExists.c.o
/usr/bin/cc   -std=c99 -Wall -Wextra -Wundef -Wshadow -Wcast-align -Wcast-qual -Wstrict-prototypes    -std=gnu99 -o CMakeFiles/cmTC_f80ef.dir/CheckSymbolExists.c.o   -c /home/talpaadmin/Dokumente/GIT/oticRev/build/CMakeFiles/CMakeTmp/CheckSymbolExists.c
Linking C executable cmTC_f80ef
/home/talpaadmin/Softwares/clion-2019.1.4/bin/cmake/linux/bin/cmake -E cmake_link_script CMakeFiles/cmTC_f80ef.dir/link.txt --verbose=1
/usr/bin/cc  -std=c99 -Wall -Wextra -Wundef -Wshadow -Wcast-align -Wcast-qual -Wstrict-prototypes     CMakeFiles/cmTC_f80ef.dir/CheckSymbolExists.c.o  -o cmTC_f80ef 
CMakeFiles/cmTC_f80ef.dir/CheckSymbolExists.c.o: In Funktion »main«:
CheckSymbolExists.c:(.text+0x1b): Warnung: undefinierter Verweis auf »pthread_create«
collect2: error: ld returned 1 exit status
CMakeFiles/cmTC_f80ef.dir/build.make:86: recipe for target 'cmTC_f80ef' failed
make[1]: *** [cmTC_f80ef] Error 1
make[1]: Verzeichnis „/home/talpaadmin/Dokumente/GIT/oticRev/build/CMakeFiles/CMakeTmp“ wird verlassen
Makefile:121: recipe for target 'cmTC_f80ef/fast' failed
make: *** [cmTC_f80ef/fast] Error 2

File /home/talpaadmin/Dokumente/GIT/oticRev/build/CMakeFiles/CMakeTmp/CheckSymbolExists.c:
/* */
#include <pthread.h>

int main(int argc, char** argv)
{
  (void)argv;
#ifndef pthread_create
  return ((int*)(&pthread_create))[argc];
#else
  (void)argc;
  return 0;
#endif
}

